  991  mv count.customers.12076615.txt  count.customers.53096571.txt Worksheet4-/
  992  mv total.customers.12076615.txt Worksheet4-/
  993  cd .. Worksheet4-/
  994  cd Worksheet4-/
  995  ls
  996  git status
  997  git add .
  998  git commit -m ( wrk4 additional support document)
  999  git push
 1000  git status
 1001  git add .
 1002  git push https://github.com/S-phan/Worksheet4-.git
 1003  git stash list
 1004  ls
 1005  git status
 1006  git push origin master to push
 1007  git reset
 1008  git status
 1009  git add .
 1010  git commit -m "additional documents"
 1011  git push https://github.com/S-phan/Worksheet4-.git
 1012  ls
 1013  cd Worksheet4-/
 1014  ls
 1015  git reset HEAD~
 1016  git status
 1017  git commit 
 1018  git add
 1019  git commit "only required documents for wsk4"
 1020  git commit -m  "only required documents for wsk4"
 1021  git push https://github.com/S-phan/Worksheet4-.git
 1022  git status
 1023  git add count.customers.12076615.txt 
 1024  git commit -m "addition documnet"
 1025  ls
 1026  cd Worksheet-3
 1027  ls
 1028  cd . .
 1029  cd ..
 1030  cp ws3.txt Worksheet-3/
 1031  cd Worksheet-3
 1032  ls
 1033  git status
 1034  git add ws3.txt
 1035  git status
 1036  git commit-m "reformatted assignment"
 1037  git commit -m "reformatted assignment"
 1038  git push https://github.com/S-phan/Worksheet-3.git
 1039  ls
 1040  cd ..
 1041  ls
 1042  mkdir fakeWorksheet3
 1043  cp Worksheet-3 fakeWorksheet3/
 1044  cd fakeWorksheet3/
 1045  ls
 1046  cd ..
 1047  cd Worksheet-3/
 1048  ls
 1049  cd ..
 1050  cp -R Worksheet-3/ fakeWorksheet3/
 1051  cd Worksheet-3/
 1052  ls
 1053  cd ..
 1054  cd fakeWorksheet3/
 1055  ls
 1056  cd ..
 1057  cd Worksheet-3/
 1058  git pull
 1059  ls
 1060  Worksheet-3
 1061  cd Worksheet-3
 1062  ls
 1063  git status
 1064  git commit -m "reformatted hw"
 1065  git push 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
 1066  git push https://github.com/S-phan/Worksheet-3.git
 1067  $ head -n 1 amazon_reviews_us_Books_v1_02.tsv
 1068  head -n 1 amazon_reviews_us_Books_v1_02.tsv
 1069  ls
 1070  head -n 1 amazon_reviews_us_Books_v1_02.tsv
 1071  cd Worksheet-3
 1072  ls
 1073  cd ..
 1074  fakeWorksheet3/
 1075  cd fakeWorksheet3/
 1076  ls
 1077  cd Worksheet-3/
 1078  ls
 1079  cd ~
 1080  ls
 1081  cut -f 2 amazon_reviews_us_Books_v1_02.tsv > customerID.txt
 1082  uniq - c customerID.txt > Sorted.customerID.txt
 1083  uniq -c customerID.txt > Sorted.customerID.txt
 1084  head Sorted.customerID.txt 
 1085  sort -nk1 --reverse Sorted.customerID.txt > Reverse.customerID.txt
 1086  head Reverse.customerID.txt 
 1087  for i in `
 1088  tail Sorted.customerID.txt 
 1089  tail Reverse.customerID.txt 
 1090  tail Sorted.customerID.txt 
 1091  head -20  Sorted.customerID.txt 
 1092  tail -20  Sorted.customerID.txt 
 1093  sort --reverse Sorted.customerID.txt | head
 1094  head Sorted.customerID.txt 
 1095  ls
 1096  for i in ' sort --reverse Sorted.customerID.txt ';  echo hello; 
 1097  for i in ' sort --reverse Sorted.customerID.txt ';  echo hello ; 
 1098  for i in ' sort  Sorted.customerID.txt
 1099  for i in ` sort --reverse Sorted.customerID.txt`;  echo hello ; 
 1100  for i in `cat Sorted.customerID.txt`;  echo hello ; 
 1101  for i in `cat Sorted.customerID.txt`; do  echo hello ; 
 1102  for i in `sort --reverse Sorted.customerID.txt`; do  echo hello ; done 
 1103  for i in `sort --reverse Sorted.customerID.txt`; do cat 1000  ; done 
 1104  for i in `sort --reverse Sorted.customerID.txt`; do cat -1000  ; done 
 1105  for i in `sort --reverse Sorted.customerID.txt`; do cat -10 sort --reverse Sorted.customerID.txt; done; 
 1106  for i in `sort --reverse Sorted.customerID.txt`; do echo $i; done; 
 1107  for i in `sort --reverse Sorted.customerID.txt`; do echo "$i"; done; 
 1108  for i in `sort --reverse Sorted.customerID.txt`; do echo head "$i"; done; 
 1109  for i in `sort --reverse Sorted.customerID.txt`; do echo "$i"; done > testfile.txt 
 1110  head testfile.txt
 1111  history
 1112  ls
 1113  head ws3.txt 
 1114  head ws4.txt 
 1115  uniq -c amazon_reviews_us_Books_v1_02.tsv 
 1116  ls
 1117  cd fakeWorksheet3/
 1118  ls
 1119  cd Worksheet-3/
 1120  ls
 1121  mv customerID.txt../ 
 1122  mv customerID.txt ../ 
 1123  ls
 1124  cd ..
 1125  ls
 1126  mv customerID.txt ../
 1127  cd ..
 1128  ls
 1129  cd Worksheet-3/
 1130  ls
 1131  cd ..
 1132  cd ~
 1133  ls
 1134  cd fakeWorksheet3/
 1135  ls
 1136  cd Worksheet-3/
 1137  ls
 1138  mv product_id.txt ../
 1139  ls
 1140  cd ..
 1141  mv product_id.txt ../
 1142  cd ..
 1143  ls
 1144  head amazon_reviews_us_Books_v1_02.tsv 
 1145  head -n 1 amazon_reviews_us_Books_v1_02.tsv
 1146  ls
 1147  head customerID.txt
 1148  cut -f 2 amazon_reviews_us_Books_v1_02.tsv > customerID.txt
 1149  cut -f 6 amazon_reviews_us_Books_v1_02.tsv > product_title.txt
 1150  head product_title.txt 
 1151  ls
 1152  more .bash_aliases 
 1153  ls
 1154  vi .bashrc
 1155  alias
 1156  alias I="ls -latr"
 1157  alias
 1158  alias w="ls -la|wc"
 1159  alias
 1160  w
 1161  I
 1162  alias
 1163  vi .bashrc
 1164  ls
 1165  head customerID.txt 
 1166  w  
 1167  ls
 1168  w customerID.txt
 1169  wc -l customerID.txt
 1170  wc -1 sorted.customer_and_helpful.txt 
 1171  wc -l sorted.customer_and_helpful.txt 
 1172  cut -f 2 customer_and_helpful.txt > helpful100.txt
 1173  sudo apt install datamash
 1174  datamash
 1175  wget http://ftp.gnu.org/gnu/datamash/datamash-1.3.tar.gz
 1176  tar -xzf datamash-1.3.tar.gz
 1177  cd datamash-1.3
 1178  ./configure
 1179  make
 1180  make check
 1181  sudo make install
 1182  ls -al
 1183  ./datamash
 1184  pwd
 1185  /home/phans/datamash-1.3
 1186  /home/phans/datamash-1.3/datamash
 1187  cd ~
 1188  pwd
 1189  cd ~/datamash-1.3
 1190  ./datamash  -W ppearson 1:2 < ../customer_and_helpful.txt
 1191  cd ~
 1192  head customer_and_helpful.txt 
 1193  cd ~/datameash-1.3
 1194  cd~/datameash-1.3
 1195  cd ~/datamash-1.3
 1196  ./datamash  -W ppearson 1:2 < awk 'NR!=1' ../customer_and_helpful.txt.txt
 1197  ./datamash  -W --headers ppearson 1:2  ../customer_and_helpful.txt.txt
 1198  ./datamash  -W --headers ppearson 1:2 > ../customer_and_helpful.txt.txt
 1199  ./datamash  -W --headers ppearson 1:2 < ../customer_and_helpful.txt
 1200  cd ..
 1201  ls
 1202  echo question 1
 1203  ls
 1204  cd fakeWorksheet3/
 1205  ls
 1206  cd Worksheet-3/
 1207  ls
 1208  head customerID.txt.sort.uniq 
 1209  wc -l customerID.txt.sort.uniq 
 1210  echo 1502381 unique customer
 1211  wc -l product_id.txt.sorted.uniq 
 1212  echo 779734 unique products ID
 1213  cd ~
 1214  head product_title.txt 
 1215  uniq -c  product_title.txt 
 1216  echo question 1
 1217  ls
 1218  uniq -c product_title.txt | wc -l
 1219  echo 3103101 unique product titles
 1220  cd fakeWorksheet3/
 1221  cd Worksheet-3/
 1222  ls
 1223  wc -l product_id.txt.sorted.uniq 
 1224  echo 779734 unique reviews 
 1225  wc -l customerID.txt.sort.uniq 
 1226  echo 1502381 reviewed
 1227  echo 1502381 customer  reviewed
 1228  cd ~
 1229  echo question 2
 1230  cut -d "     " -f 2,9 amazon_reviews_us_Books_v1_02.tsv | head
 1231  cut -d "" -f 2,9 amazon_reviews_us_Books_v1_02.tsv | head
 1232  cut -d "	" -f 2,9 amazon_reviews_us_Books_v1_02.tsv | head
 1233  cut -d "	" -f 2,9 amazon_reviews_us_Books_v1_02.tsv > customer_and_helpful.txt
 1234  head customer_and_helpful.txt
 1235  sort -nk2 --reverse  customer_and_helpful.txt | head -n 100 > sorted.customer_and_helpful.txt
 1236  cut -f 2 sorted.customer_and_helpful.txt > CUSTOMERS/customerID_100.txt
 1237  cut -f 2 sorted.customer_and_helpful.txt > customerID_100.txt
 1238  head customerID_100.txt 
 1239  head sorted.customer_and_helpful.txt 
 1240  cut -f 1 sorted.customer_and_helpful.txt > customerID_100.txt
 1241  cut -f 2 sorted.customer_and_helpful.txt > customerID_helpfulness_100.txt
 1242  ls
 1243  cut -d "	" -f 4,9 amazon_reviews_us_Books_v1_02.tsv > product_and_helpful.txt
 1244  sort -nk2 --reverse  customer_and_helpful.txt | head -n 100 > sorted.customer_and_helpful.txt
 1245  sort -nk2 --reverse  product_and_helpful.txt | head -n 100 > sorted.product_and_helpful.txt
 1246  cut -f 2 sorted.product_and_helpful.txt.txt > product_helpfulness_100.txt
 1247  head sorted.product_and_helpful.txt 
 1248  cut -f 2 sorted.product_and_helpful.txt > product_helpfulness_100.txt
 1249  cut -f 1 sorted.product_and_helpful.txt > product__100.txt
 1250  echo question 3
 1251  echo question 4
 1252  alias I='ls -ltr'
 1253  alias w='ls -la|wc'
 1254  alias
 1255  vi .bashrc
 1256  echo question 7
 1257  ls
 1258  wc -l customerID_100.txt 
 1259  wc -l product_100.txt 
 1260  wc -l product__100.txt 
 1261  echo question 8
 1262  echo datamesh was installed before the start of this script
 1263  cd ~/datamash-1.3
 1264  ./datamash  -W --headers ppearson 1:2 < ../customer_and_helpful.txt
 1265  cd ~
 1266  head customer_and_helpful.txt
 1267  cd ~/datamash-1.3
 1268  ./datamash  -W --headers ppearson 1:2 < ../customerID_helpfulness_100.txt
 1269  cd~
 1270  cd ~/datamash-1.3
 1271  cd ..
 1272  head customerID_helpfulness_100.txt 
 1273  ls
 1274  head sorted.customer_and_helpful.txt 
 1275  cd ~/datamash-1.3
 1276  ./datamash  -W --headers ppearson 1:2 < ../sorted.customer_and_helpful.txt 
 1277  ./datamash  -W ppearson 1:2 < ../sorted.customer_and_helpful.txt 
 1278  cd ..
 1279  echo question 9
 1280  count=0; total=0;
 1281  for i in `cat customer_and_helpful.txt` ; do total=$(echo $total+$i | bc);((count++));    done;
 1282  count=0; total=0;
 1283  for i in `cat customer_and_helpful` ; do total=$(echo $total+$i | bc);((count++)); done;
 1284  head  customer_and_helpful.txt
 1285  head helpful100.txt 
 1286  for i in `cat helpful100` ; do total=$(echo $total+$i | bc);((count++)); done;
 1287  count=0; total=0;
 1288  for i in `cat helpful100` ; do total=$(echo $total+$i | bc);((count++)); done;
 1289  ls
 1290  for i in `cat customers.53096571.txt ` ; do total=$(echo $total+$i | bc);((count++));    done;
 1291  head customers.53096571.txt 
 1292  vi helpful100.txt 
 1293  count=0; total=0;
 1294  for i in `cat helpful100 ` ; do total=$(echo $total+$i | bc);((count++));    done;
 1295  for i in `cat helpful100.txt ` ; do total=$(echo $total+$i | bc);((count++));    done;
 1296  script a2.txt
 1297  vi a2.txt
 1298  script a2.txt
 1299  vi a2.txt 
 1300  git clone https://github.com/S-phan/Assignment-2.git
 1301  ls
 1302  cp a2.txt Assignment-2/
 1303  cd Assignment-2/
 1304  ls
 1305  cd ..
 1306  cd Assignment-2/
 1307  git status
 1308  git add . 
 1309  git commit -m "question 1-8"
 1310  git push https://github.com/S-phan/Assignment-2.git
 1311  echo question 9
 1312  count=0; total=0;\
 1313  count=0; total=0;
 1314  for i in `cat customerID_helpfulness_100.txt ` ; do total=$(echo $total+$i | bc);((count++)); echo "scale =2; $total / $count" | bc
 1315  count=0; total=0;
 1316  for i in `cat customerID_helpfulness_100.txt ` ; do total=$(echo $total+$i | bc);((count++));    done;
 1317  echo "scale =2; $total / $count" | bc
 1318  head customerID_helpfulness_100.txt 
 1319  tail customerID_helpfulness_100.txt 
 1320  echo range 15835 and 1132
 1321  count=0; total=0;
 1322  for i in `cat product_helpfulness_100.txt ` ; do total=$(echo $total+$i | bc);((count++));    done;
 1323  echo "scale =2; $total / $count" | bc
 1324  head product_helpfulness_100.txt 
 1325  count=0; total=0;
 1326  for i in `cat customerID_helpfulness_100.txt ` ; do total=$(echo $total+$i | bc);((count++));    done;
 1327  echo "scale =2; $total / $count" | bc
 1328  head customerID_helpfulness_100.txt 
 1329  tail customerID_helpfulness_100.txt 
 1330  echo range 15835 and 1132
 1331  count=0; total=0;
 1332  for i in `cat product_helpfulness_100.txt ` ; do total=$(echo $total+$i | bc);((count++));    done;
 1333  echo "scale =2; $total / $count" | bc
 1334  head product__helpfulness_100.txt 
 1335  head product_helpfulness_100.txt
 1336  tail product_helpfulness_100.txt
 1337  echo range is 15835 and 1132
 1338  ls
 1339  cd fakeWorksheet3/
 1340  ls
 1341  cd Worksheet-3/
 1342  ls
 1343  cd ..
 1344  sort customerID.txt|uniq|wc -l
 1345  sort product_id.txt|uniq|wc -l
 1346  head -n 1 amazon_reviews_us_Books_v1_02.ts
 1347  head -n 1 amazon_reviews_us_Books_v1_02.tsv
 1348  cut -d "     " -f 2 amazon_reviews_us_Books_v1_02.tsv | head
 1349  cut -d "	" -f 2 amazon_reviews_us_Books_v1_02.tsv | head
 1350  cut -d "	" -f 2 amazon_reviews_us_Books_v1_02.tsv | sort | uniq|wc -l
 1351  ls
 1352  count=0; total=0;
 1353  for i in `cat customers.12076615.txt ` ; do total=$(echo $total+$i | bc);((count++));    done;
 1354  echo "scale =2; $total / $count" | bc
 1355  head customers.12076615.txt 
 1356  head customers.52420369.txt 
 1357  count=0; total=0;
 1358  echo "scale =2; $total / $count" | bc
 1359  head customerID_100.txt 
 1360  customerID_helpfulness_100.txt
 1361  headcustomerID_helpfulness_100.txt
 1362  count=0; total=0;
 1363  for i in `cat customerID_helpfulness_100.txt ` ; do total=$(echo $total+$i | bc);((count++));    done;
 1364  echo "scale =2; $total / $count" | bc
 1365  head product_helpfulness_100.txt
 1366  script a2.part2.txt
 1367  ls
 1368  head product_id.txt 
 1369  head product_and_helpful.txt 
 1370  head customer_and_helpful.txt
 1371  head amazon_reviews_us_Books_v1_02.tsv 
 1372  head -n 1 amazon_reviews_us_Books_v1_02.tsv
 1373  cut -d "     " -f 2,4,9 amazon_reviews_us_Books_v1_02.tsv | head
 1374  cut -d "     " -f 2,4 amazon_reviews_us_Books_v1_02.tsv | head
 1375  cut -d "	" -f 2,4,9 amazon_reviews_us_Books_v1_02.tsv | head
 1376  script a2.part2.txt
 1377  ls
 1378  cp a2.part2.txt Assignment-2/
 1379  cd Assignment-2/
 1380  ls
 1381  git status
 1382  git add .
 1383  git commit -m " question 9 and 10 "
 1384  git push https://github.com/S-phan/Assignment-2.git
 1385  vi a2.part2.txt 
 1386  git status
 1387  git add .
 1388  git commit -m " Question 9 and question 10 updated "
 1389  git push https://github.com/S-phan/Assignment-2.git
 1390  head -n 1 amazon_reviews_us_Books_v1_02.tsv
 1391  cut -d "	" -f 2 amazon_reviews_us_Books_v1_02.tsv > customerID.txt
 1392  cut -d "	" -f 2 amazon_reviews_us_Books_v1_02.tsv | head
 1393  cut -d "	" -f 2 amazon_reviews_us_Books_v1_02.tsv > customerID.txt
 1394  head customerID.txt
 1395  cut -d "	" -f 4 amazon_reviews_us_Books_v1_02.tsv > product_id.txt.txt
 1396  head product_id.txt
 1397  cut -d "	" -f 4 amazon_reviews_us_Books_v1_02.tsv > product_id.txt
 1398  cut -d "	" -f 6 amazon_reviews_us_Books_v1_02.tsv > product_title.txt
 1399  sort customerID.txt|uniq|wc -l
 1400  sort product_id.txt|uniq|wc -l
 1401  sort product_title.txt|uniq|wc -l
 1402  echo Question 2
 1403  head -n 1 amazon_reviews_us_Books_v1_02.tsv
 1404  cut -d "     " -f 2,9 amazon_reviews_us_Books_v1_02.tsv > customer_id_helpfulness.txt
 1405  cut -d "	" -f 4,9 amazon_reviews_us_Books_v1_02.tsv > customr_id_helpfulness.txt
 1406  head customer_id_helpfulness.txt
 1407  cut -d "	" -f 2,8 amazon_reviews_us_Books_v1_02.tsv > customer_id_starrating.txt
 1408  head customer_id_starrating.txt 
 1409  echo question 3
 1410  head -n 1 amazon_reviews_us_Books_v1_02.tsv
 1411  cut -d "     " -f 4,9 amazon_reviews_us_Books_v1_02.tsv > product_id_helpfulness.txt
 1412  cut -d "	" -f 4,9 amazon_reviews_us_Books_v1_02.tsv > product_id_helpfulness.txt
 1413  head product_id_helpfulness.txt 
 1414  cut -d "	" -f 4,8 amazon_reviews_us_Books_v1_02.tsv > product_id__starrating.txt
 1415  cut -d "	" -f 4,8 amazon_reviews_us_Books_v1_02.tsv > product_id_starrating.txt
 1416  head product_id_starrating.txt 
 1417  echo 4 
 1418  alias I='ls -ltr'
 1419  echo question 5
 1420  alias w='ls -la|wc'
 1421  alias
 1422  vi .bashrc
 1423  echo question 7
 1424  wc -l customer_id_helpfulness.txt
 1425  sort -nk2 --reverse  customer_id_helpfulness.txt | head -n 100 > 100_customer_id_helpfulness.txt
 1426  sort -nk2 --reverse  customer_id_starrating.txt | head -n 100 > 100_customer_id_starrating.txt
 1427  sort -nk2 --reverse product_id_helpfulness.txt | head -n 100 > 100_product_id_helpfulness.txt
 1428  sort -nk2 --reverse product_id_starrating.txt| head -n 100 > 100_product_id_starrating.txt
 1429  echo above is question 2 
 1430  head 100_customer_id_
 1431  head 100_customer_id_helpfulness.txt 
 1432  wc -l customer_id_helpfulness.txt
 1433  wc -l 100_customer_id_helpfulness.txt
 1434  wc -l 100_customer_id_starrating.txt
 1435  wc -l 100_product_id_helpfulness.txt
 1436  wc -l 100_product_id_starrating.txt
 1437  cd ~/datamash-1.3
 1438  ./datamash  -W ppearson 1:2 < ../100_customer_id_helpfulness.txt
 1439  ./datamash  -W ppearson 1:2 < ../100_customer_id_starrating.txt
 1440  ./datamash  -W ppearson 1:2 < ../100_product_id_helpfulness.txt
 1441  cd ..
 1442  head 100_customer_id_starrating.txt
 1443  head 100_product_id_helpfulness.txt
 1444  100_product_id_starrating.txt
 1445  head 100_product_id_starrating.txt
 1446  cd ~/datamash-1.3
 1447  100_product_id_helpfulness.txt
 1448  ./datamash  -W ppearson 1:2 < ../100_product_id_helpfulness.txt
 1449  cd ..
 1450  vi 100_product_id_helpfulness.txt
 1451  cd ..
 1452  cd ~
 1453  cd ~/datamash-1.3
 1454  ./datamash  -W ppearson 1:2 < ../100_product_id_helpfulness.txt
 1455  cd ..
 1456  vi 100_product_id_helpfulness.txt
 1457  cd ~/datamash-1.3
 1458  ./datamash  -W ppearson 1:2 < ../100_product_id_helpfulness.txt
 1459  cd ..
 1460  customer_id_starrating.txt | head -n 100 > 100_customer_id_starrating.txt
 1461  head customer_id_starrating.txt 
 1462  customer_id_starrating.txt | head -n 100 > 100_customer_id_starrating.txt
 1463  head -n 100 customer_id_starrating.txt  > 100_customer_id_starrating.txt
 1464  head -n 100 product_id_starrating.txt  > 100_product_id_starrating.txt
 1465  cd ~/datamash-1.3
 1466  ./datamash  -W ppearson 1:2 < ../100_customer_id_starrating.txt
 1467  ./datamash  -W --headers ppearson 1:2 < ../100_customer_id_starrating.txt
 1468  ./datamash  -W --headers ppearson 1:2 < ../100_product_id_starrating.txt
 1469  cd ..
 1470  vi 100_product_id_starrating.txt 
 1471  cd ~/datamash-1.3
 1472  ./datamash  -W --headers ppearson 1:2 < ../100_product_id_starrating.txt
 1473  cd ..
 1474  vi 100_product_id_starrating.txt
 1475  cd ~/datamash-1.3
 1476  ./datamash  -W --headers ppearson 1:2 < ../100_product_id_starrating.txt
 1477  cd ..
 1478  vi 100_product_id_starrating.txt
 1479  cd ~/datamash-1.3
 1480  ./datamash  -W --headers ppearson 1:2 < ../100_product_id_starrating.txt
 1481  cd ..
 1482  vi 100_product_id_starrating.txt
 1483  cd ~/datamash-1.3
 1484  ./datamash  -W --headers ppearson 1:2 < ../100_product_id_starrating.txt
 1485  cd ..
 1486  vi 100_product_id_starrating.txt
 1487  cd ~/datamash-1.3
 1488  vi 100_product_id_starrating.txt
 1489  ./datamash  -W --headers ppearson 1:2 < ../100_product_id_starrating.txt
 1490  cd ..
 1491  echo Question 9
 1492  count=0; total=0;
 1493  for i in `cat customerID.txt ` ; do total=$(echo $total+$i | bc);((count++));    done;
 1494  history > cmds.log
 1495  ls
 1496  cp cmds.log Assigment-2
 1497  cd Assignment-2/
 1498  ls
 1499  cd ..
 1500  cp cmds.log Assignment-2/
 1501  cd Assignment-2/
 1502  ls
 1503  git status
 1504  git add .
 1505  git commit -m "history log"
 1506  git push https://github.com/S-phan/Assignment-2.git
 1507  git push
 1508  git push https://github.com/S-phan/Assignment-2.git
 1509  cut -f 2 amazon_reviews_us_Books_v1_02.tsv > customerID.txt
 1510  uniq -c customerID.txt > Sorted.customerID.txt
 1511  for i in `sort --reverse Sorted.customerID.txt| head -n 100 ` ; do echo "$i"; done > testfile.txt
 1512  head testfile.txt 
 1513  head -100  testfile.txt 
 1514  for i in `sort --reverse Sorted.customerID.txt| head -n 1000 ` ; do echo "$i"; done > testfile.txt
 1515  head testfile.txt 
 1516  history > cmds.log 
 1517  phans@f6linux17:~$
 1518  cut -f 2 amazon_reviews_us_Books_v1_02.tsv > customerID.txt
 1519  head customerID.txt 
 1520  uniq -c customerID.txt > Sorted.customerID.txt
 1521  for i in sort --reverse Sorted.customerID.txt; do echo "$i"; done | head
 1522  for i in sort --reverse Sorted.customerID.txt; do echo "$i"; done 
 1523  for i in sort --reverse Sorted.customerID.txt; do echo "$i"; done | head
 1524  uniq -c customerID.txt > Sorted.customerID.txt
 1525  for i in sort --reverse Sorted.customerID.txt; do echo "$i"; done > testfile.txt
 1526  head testfile.txt 
 1527  head Sorted.customerID.txt 
 1528  uniq -c customerID.txt > Sorted.customerID.txt
 1529  for i in sort --reverse `Sorted.customerID.txt` ; do echo "$i"; done > testfile.txt
 1530  for i in sort --reverse `cat Sorted.customerID.txt` ; do echo "$i"; done > testfile.txt
 1531  head testfile.txt 
 1532  for i in ` --reverse Sorted.customerID.txt` ; do echo "$i"; done > testfile.txt
 1533  for i in `sort --reverse Sorted.customerID.txt` ; do echo "$i"; done > testfile.txt
 1534  head testfile.txt
 1535  for i in `sort --reverse Sorted.customerID.txt| head -n 100 ` ; do echo "$i"; done > testfile.txt
 1536  head testfile.txt
 1537  head -n 100 testfile.txt 
 1538  for i in `sort --reverse Sorted.customerID.txt| head -n 100 ` ; do echo "$i"; done > testfile.txt
 1539  script ws5.txt
 1540  git clone https://github.com/S-phan/Worksheet-5.git
 1541  ls
 1542  mv testfile.txt 1000_customerID.txt
 1543  head 1000_customerID.txt 
 1544  mv 1000_customerID.txt Worksheet-5
 1545  cd Worksheet-5
 1546  ls
 1547  cd..
 1548  mv cmds.log Worksheet-5 
 1549  cp cmds.log Worksheet-5 
 1550  cd ..
 1551  cp cmds.log Worksheet-5 
 1552  cd Worksheet-5
 1553  ls
 1554  git status
 1555  git add .
 1556  git commit -m " completed Worksheet 5"
 1557  git push https://github.com/S-phan/Worksheet-5.git
 1558  script ws5.txt
 1559  head -n 1 amazon_reviews_us_Books_v1_02.tsv
 1560  script a2.txt
 1561  vi a2.txt
 1562  cp a2.txt Assignment-2/
 1563  cd Assignment-2/
 1564  ls
 1565  git status
 1566  git add .
 1567  git commit -m "a2 question 1-8"
 1568  git push https://github.com/S-phan/Assignment-2.git
 1569  cd ..
 1570  history > cmds.log 
 1571  cp cmds.log > Assignment-2/ 
 1572  cp cmds.log  Assignment-2/ 
 1573  cd Assignment-2/
 1574  ls
 1575  git status 
 1576  vi a2.txt
 1577  git status
 1578  git add .
 1579  git commit -m "a2 question 1-8 done "
 1580  git push https://github.com/S-phan/Assignment-2.git
 1581  ls
 1582  head ws5.txt 
 1583  cp ws5 Worksheet-5/
 1584  cp ws5.txt Worksheet-5/
 1585  cd Worksheet
 1586  cd Worksheet-5/
 1587  ls
 1588  git status
 1589  git add .
 1590  git commit -m " ws5 assigment output"
 1591  git push https://github.com/S-phan/Worksheet-5.git
 1592  cd ..
 1593  ls
 1594  head ws5.txt
 1595  cd Worksheet-5/
 1596  ls
 1597  git status
 1598  git push 
 1599  git status
 1600  git add .
 1601  git commit -m " hello "
 1602  git push https://github.com/S-phan/Worksheet-5.git
 1603  echo `pwd`
 1604  echo "pwd"
 1605  echo `pwd`
 1606  `pwd`
 1607  pwd
 1608  echo $HOME
 1609  ls.[b]ashrc
 1610  find  .  -type f -name  "first.cpp"  -exec   rm   {} \;
 1611  pwd
 1612  cd / 
 1613  pwd
 1614  ls
 1615  cd ~
 1616  touch hello?.txt
 1617  touch hi?.txt
 1618  mkdir yo?
 1619  ls
 1620  find . -type f -name "?"  -print
 1621  vi hello\?.txt 
 1622  find . -type f -name "?"  -print
 1623  touch ?.txt 
 1624  find . -type f -name "?"  -print
 1625  find . -type f 
 1626  find . -type f -name "?"  
 1627  mkdir midterm1
 1628  cd midterm1/
 1629  touch test1?.txt
 1630  find . -type f -name "?"  
 1631  cd ..
 1632  find . -type f -name "?"  -print
 1633  echo "UNIX"
 1634  echo "\"UNIXC\""
 1635  cat xxx >> zz
 1636  touch zz
 1637  cat xxx >> zz
 1638  ls ??
 1639  head zz
 1640  ls > Xfile 
 1641  head Xfile 
 1642  ls [A-Z]
 1643  display [AZ]
 1644  ls [AZ]
 1645  echo $HOME
 1646  ls
 1647  cat random.txt >> zzz
 1648  head zzz
 1649  cd midterm1/
 1650  ls
 1651  touch t.txt
 1652  touch ?
 1653  ls
 1654  find . -type f -name "?" -print
 1655  touch t?.txt
 1656  find . -type f -name "?" -print
 1657  touch !
 1658  find . -type f -name "?" -print
 1659  ls
 1660  find . -type f -name "?" -print
 1661  vi t.txt
 1662  sort -ro t.txt myfile
 1663  ls
 1664  cat t.txt
 1665  sort -ro t.txt t1.txt
 1666  touch t1.txt
 1667  sort -ro t.txt t1.txt
 1668  cat t1.txt
 1669  ls
 1670  sort -ro t.txt 
 1671  sort -ro t.txt | head
 1672  sort -ro t.txt t1.txt
 1673  cat t1.txt 
 1674  sort -r t.txt -o t1.txt 
 1675  cat t1.txt 
 1676  cat t.txt 
 1677  vi t.txt
 1678  cat t.txt 
 1679  sort -r t.txt -o t1.txt 
 1680  cat t1.txt 
 1681  sort -ro t.txt t2.txt
 1682  touch t1/txt
 1683  touch t2.txt
 1684  sort -ro t.txt t2.txt
 1685  cat t2.txt 
 1686  cat t.txt
 1687  ln xxx yyy
 1688  df -i 
 1689  df -i xxx
 1690  ls
 1691  df -i t.txt
 1692  touch t3/txt
 1693  touch t3.txt
 1694  touch t4/txt
 1695  touch t4.txt
 1696  ln t3.txt t4.txt
 1697  ln t3.txt t5
 1698  ls
 1699  df -i d5
 1700  df -i t4/txt
 1701  df -i t4.txt
 1702  wc -l t1.txt
 1703  cp t1.txt t.txt
 1704  cat t.txt
 1705  cp t1.txt t.txt
 1706  cat t.txt
 1707  mv t1.txt t2.txt
 1708  df -i t1.txt
 1709  df -i t5
 1710  mv t5 t6
 1711  df -i t5
 1712  df -i t6
 1713  wc -l >> t.txt
 1714  cat t.txt
 1715  wc -l >> t2.txt
 1716  wc -l t.txt t.txt
 1717  wc -l t.txt t2.txt
 1718  cat t2.txt 
 1719  wc -l t.txt | tee t2.txt
 1720  cat t2.txt 
 1721  cut -b 2 t1.txt
 1722  cut -b 2 t.txt
 1723  cat t.txt
 1724  ls
 1725  find / -type f -name "t?"
 1726  find . -type f -name "t?"
 1727  find ./ -type f -name "*.txt" -mtime -1
 1728  cp t1.txt t7.txt
 1729  cp t.txt t7.txt
 1730  df -i t.txt
 1731  cat t.txt > t7.txt
 1732  cat t7.txt
 1733  vi t7.txt
 1734  echo $home
 1735  ls [A-Z]
 1736  touch Linda.txt
 1737  ls [A-Z]
 1738  ls A ... Z
 1739  ls A...Z
 1740  ls [AZ]
 1741  display [AZ]
 1742  vi t7.txt
 1743  echo `hello`
 1744  echo 'hello'
 1745  sort t t.txt
 1746  ls
 1747  sort t.txt &time
 1748  time sort t.txt 
 1749  grep t7.txt  "henry"
 1750  grep henry t7.txt 
 1751  grep henry t7.txt t.txt
 1752  grep henry t
 1753  grep henry t?
 1754  grep henry t*
 1755  grep t.txt "henry"
 1756  ls henry t?
 1757  ls henry t7.txt
 1758  pwd
 1759  ls
 1760  datetime=$(date +%s)
 1761  echo datetime
 1762  echo $datetime
 1763  echo "$now"
 1764  datetime=date +'FORMAT'
 1765  datetime=date +'%m/%d/%Y'
 1766  datetime="$(date)"
 1767  echo $datetime
 1768  history tail
 1769  histroy
 1770  history 
 1771  echo $datetime
 1772  ls
 1773  date +"%m-%d-%y"
 1774  date +"%m-%d-%Y"
 1775  date +"%T"
 1776  $(date +"%m-%d-%Y")
 1777  (date +"%m-%d-%Y")
 1778  crontab -e
 1779  ls
 1780  cd Worksheet4-/
 1781  ls
 1782  head product.0300108834.txt 
 1783  head product.0262181533.txt 
 1784  mv .. product.0262181533.txt 
 1785  mv.. product.0262181533.txt 
 1786  cd ..
 1787  histroy
 1788  history
 1789  ls
 1790  cd Worksheet4-/
 1791  ls
 1792  mv product.0262181533.txt  ../
 1793  cd ..
 1794  ls
 1795  crontab -e 
 1796  crontab -l
 1797  crontab -e 
 1798  crontab -l
 1799  ls
 1800  crontab -e 
 1801  ls
 1802  pwd
 1803  crontab -e 
 1804  ls
 1805  head test3.txt 
 1806  crontab -e 
 1807  head test
 1808  crontab -e 
 1809  touch test_cron.txt
 1810  ls
 1811  head test_cron.txt 
 1812  rm test_crom.txt
 1813  crontab -e 
 1814  head test_cron.txt 
 1815  head product_helpfulness_100.txt 
 1816  head productid_top3.txt 
 1817  head test_cron.txt 
 1818  crontab -e 
 1819  head test_cron.txt 
 1820  crontab -e 
 1821  head test_cron.txt 
 1822  crontab -e 
 1823  head test_cron.txt 
 1824  crontab -e 
 1825  head test_cron.txt 
 1826  crontab -e 
 1827  head test_cron.txt 
 1828  crontab -e 
 1829  count=0; total=0;for i in `cat product.0385730586.txt ` ; do total=$(echo $total+$i | bc);((count++));    done; echo "scale =2; $total / $count" | bc > test3.txt
 1830  count=0; total=0;for i in `cat product.0385730586.txt ` ; do total=$(echo $total+$i | bc);((count++)); done; echo "scale =2; $total / $count" | bc > test3.txt
 1831  for i in `cat product.0385730586.txt ` ; do total=$(echo $total+$i | bc);
 1832  count=0; total=0;
 1833  for i in `cat product.0385730586.txt ` ; do total=$(echo $total+$i | bc);((count++));    done;
 1834  for i in `cat product.0385730586.txt` ; do total=$(echo $total+$i | bc);((count++));    done;
 1835  for i in `cat product.026181533.txt` ; do total=$(echo $total+$i | bc);((count++));    done;
 1836  for i in `cat  product.0262181533.txt` ; do total=$(echo $total+$i | bc);((count++));    done;
 1837  echo "scale =2; $total / $count" | bc
 1838  count=0; total=0;for i in `cat  product.0262181533.txt` ; do total=$(echo $total+$i | bc);((count++));    done;    done; echo "scale =2; $total / $count" | bc
 1839  count=0; total=0;for i in `cat  product.0262181533.txt` ; do total=$(echo $total+$i | bc);((count++));  done; echo "scale =2; $total / $count" | bc
 1840  crontab -e 
 1841  ls
 1842  crontab -e 
 1843  head test_cron.txt 
 1844  count=0; total=0;for i in `cat  home/phans/product.0262181533.txt` ; do total=$(echo $total+$i | bc);((count++));  done; echo "scale =2; $total / $count" | bc > /home/phans/test_cron.txt
 1845  count=0; total=0;for i in `cat  home/phans/product.0262181533.txt` ; do total=$(echo $total+$i | bc);((count++));  done; echo "scale =2; $total / $count" | bc
 1846  count=0; total=0;for i in `cat  home/phans/product.0262181533.txt` ; do total=$(echo $total+$i | bc);((count++));  done; echo "scale =2; $total / $count" | bc > /home/phans/test_cron.txt
 1847  count=0; total=0;for i in `cat  product.0262181533.txt` ; do total=$(echo $total+$i | bc);((count++));  done; echo "scale =2; $total / $count" | bc
 1848  count=0; total=0;for i in `cat  product.0262181533.txt` ; do total=$(echo $total+$i | bc);((count++));  done; echo "scale =2; $total / $count" | bc > test3.txt
 1849  head test3.txt
 1850  head test_cron.txt 
 1851  crontab -e 
 1852  head test3.txt
 1853  crontab -e 
 1854  head test_cron.txt 
 1855  ls
 1856  crontab -e 
 1857  pwd
 1858  ls
 1859  ls -ltr | grep product
 1860  home
 1861  crontab -e 
 1862  head cron_tab.txt 
 1863  crontab -e 
 1864  head product.0262181533.txt 
 1865  head cron_tab.txt 
 1866  head cron_tab.txt \
 1867  head cron_tab.txt
 1868  crontab -e 
 1869  awk `{sum+= $1} END {if (NR > 0) print sum / NR }`
 1870  awk `{sum+= $1} END {if (NR > 0) print sum / NR }` product.0262181533.txt 
 1871  awk`{sum+= $1} END {if (NR > 0) print sum / NR }` product.0262181533.txt 
 1872  awk '{ sum += $1; n++ } END { if (n > 0) print sum / n; }' product.0262181533.txt 
 1873  crontab -e 
 1874  head cron_tab.txt
 1875  awk '{ sum += $1; n++ } END { if (n > 0) print sum / n; }' product.0262181533.txt 
 1876  head cron_tab.txt
 1877  cat cron_tab.txt 
 1878  ls crontab
 1879  crontab -e `
 1880  crontab -e
 1881  crontab -e `
 1882  datetime=date +"%m-%d-%y"
 1883  datetime="$(date)"
 1884  echo datetime
 1885  echo $datetime
 1886  datetime=date + "%m-%d-%y"
 1887  date +'%m/%d/%Y'
 1888  echo product.0262181533." `date + "%m-%d-%y"`"
 1889  echo product.0262181533." `date + "%m-%d"`"
 1890  echo product.0262181533.txt" `date + "%m-%d"`"
 1891  echo product.0262181533.txt "`date + "%m-%d"`"
 1892  echo product.0262181533."`date + "%m-%d"`"
 1893  echo product.0262181533.-"`date +"%d-%m-%Y"`"
 1894  cp PRODUCTS/productID.txt PRODUCTS/productID."`date +"%d-%m-%Y"`".txt
 1895  cp product.0262181533.txt PRODUCTS/productID."`date +"%d-%m-%Y"`".txt
 1896  datetime="$(date)"
 1897  echo $datetime
 1898  touch PRODUCTS/0262181533."`date +"%d-%m-%Y"`".txt
 1899  touch PRODUCTS.0262181533."`date +"%d-%m-%Y"`".txt
 1900  cp product.0262181533.txt PRODUCTS.0262181533."`date +"%d-%m-%Y"`".txt
 1901  echo $'' >> PRODUCTS.0262181533."`date +"%d-%m-%Y"`".txt
 1902  head PRODUCTS.0262181533.13-10-2021.txt 
 1903  echo '' >> PRODUCTS.0262181533."`date +"%d-%m-%Y"`".txt
 1904  head PRODUCTS.0262181533.13-10-2021.txt 
 1905  echo '2' >> PRODUCTS.0262181533."`date +"%d-%m-%Y"`".txt
 1906  head PRODUCTS.0262181533.13-10-2021.txt 
 1907  tail PRODUCTS.0262181533.13-10-2021.txt
 1908  vi PRODUCTS.0262181533.13-10-2021.txt 
 1909  tail PRODUCTS.0262181533.13-10-2021.txt
 1910  touch Product.LATEST.txt
 1911  ln -s PRODUCTS.0262181533.13-10-2021.txt Product.LATEST.txt
 1912  ln -s PRODUCTS.0262181533.13-10-2021.txt Product.LATEST.0262181533.txt
 1913  ls Product.LATEST.0262181533.txt
 1914  cat Product.LATEST.0262181533.txt 
 1915  crontab -e 
 1916  touch products.0262181533.AVGRATING.txt
 1917  crontab -e 
 1918  head products.0262181533.AVGRATING.txt 
 1919  crontab -e 
 1920  head products.0262181533.AVGRATING.txt 
 1921  sed -e $'s/,/\\\n/g' product_samples.txt 
 1922  sed -e $'s/./\\\n/g' product_samples.txt 
 1923  ls
 1924  head product_samples.txt 
 1925  sed -e $'s/;/\\\n/g' product_samples.txt 
 1926  sed 's/and//g' product_samples.txt 
 1927  sed 's/or//g' product_samples.txt 
 1928  sed 's/if//g' product_samples.txt 
 1929  sed 's/in//g' product_samples.txt 
 1930  sed 's/it//g'
 1931  sed 's/it//g' product_samples.txt 
 1932  sed -e 's/<[^>]*>//g' product_samples.txt 
 1933  head -n 1 product_samples.txt 
 1934  awk '{print $13}' > review_body.txt
 1935  awk '{print $13}' product_samples.txt > review_body.txt
 1936  head review_body.txt 
 1937   review_body.txt
 1938  head review_body.txt 
 1939  head product_samples.txt 
 1940  head -n 2 product_samples.txt 
 1941  head -1 product_samples.txt 
 1942  tail -n+2  product_samples.txt 
 1943  tail -n+2  product_samples.txt > review_body.txt 
 1944  crontab -e
 1945  head cron_tab.txt
 1946  pwd
 1947  crontab -e
 1948  ls
 1949  head cron_tab.txt
 1950  crontab -e
 1951  script ws6.txt
 1952  ls
 1953  git clone https://github.com/S-phan/Worksheet-6.git
 1954  cd Worksheet-6 
 1955  cd ..
 1956  cp ws6.txt Worksheet-6/
 1957  cp Product.LATEST.0262181533.txt Worksheet-6/
 1958  ls Worksheet-6/
 1959  cd ..
 1960  pwd
 1961  cd~
 1962  pwd
 1963  ls
 1964  cd phans
 1965  ls
 1966  cp products.0262181533.AVGRATING.txt Worksheet-6/
 1967  ls Worksheet-6/
 1968  cp PRODUCTS.0262181533.13-10-2021.txt Worksheet-6/
 1969  cd Worksheet-6/
 1970  git status
 1971  git add . 
 1972  git commit -m "completed wsk 6"
 1973  git push https://github.com/S-phan/Worksheet-6.git
 1974  cd ..
 1975  head productid_top3.txt 
 1976  head product_id.txt
 1977  head -n 1 amazon_reviews_us_Books_v1_02.tsv
 1978  head amazon_reviews_us_Books_v1_02.tsv 
 1979  grep 0525947647
 1980  head
 1981  head amazon_reviews_us_Books_v1_02.tsv 
 1982  head -n 1 amazon_reviews_us_Books_v1_02.tsv
 1983  head -n 2 amazon_reviews_us_Books_v1_02.tsv
 1984  head -n 3 amazon_reviews_us_Books_v1_02.tsv 
 1985  head -n 2 amazon_reviews_us_Books_v1_02.tsv 
 1986  head -n 2 amazon_reviews_us_Books_v1_02.tsv > product_samples.txt
 1987  script ws7.txt
 1988  git clone https://github.com/S-phan/Worksheet-7.git
 1989  ls
 1990  history > cmds.log
